<?xml version="1.0" encoding="UTF-8"?>
<!-- Generated by org.testng.reporters.JUnitReportReporter -->
<testsuite hostname="HariDarshana" failures="0" tests="2" name="testRunner.TestRunner" time="9.210" errors="1" timestamp="2024-02-23T12:26:25 CST" skipped="0">
  <testcase classname="testRunner.TestRunner" name="runScenario" time="6.889"/>
  <testcase classname="testRunner.TestRunner" name="tearDownClass" time="2.321">
    <error message="null value in entry: handle=null" type="java.lang.NullPointerException">
      <![CDATA[java.lang.NullPointerException: null value in entry: handle=null
at com.google.common.collect.CollectPreconditions.checkEntryNotNull(CollectPreconditions.java:33)
at com.google.common.collect.SingletonImmutableBiMap.<init>(SingletonImmutableBiMap.java:43)
at com.google.common.collect.ImmutableBiMap.of(ImmutableBiMap.java:81)
at com.google.common.collect.ImmutableMap.of(ImmutableMap.java:128)
at org.openqa.selenium.remote.DriverCommand.SWITCH_TO_WINDOW(DriverCommand.java:266)
at org.openqa.selenium.remote.RemoteWebDriver$RemoteTargetLocator.window(RemoteWebDriver.java:1028)
at hooks.Hooks.after(Hooks.java:55)
]]>
    </error>
  </testcase> <!-- tearDownClass -->
</testsuite> <!-- testRunner.TestRunner -->
