<?xml version="1.0" encoding="UTF-8"?>
<!-- Generated by org.testng.reporters.JUnitReportReporter -->
<testsuite skipped="0" hostname="HariDarshana" name="testRunner.TestRunnerDDT" tests="4" failures="0" timestamp="2024-01-06T14:53:23 CST" time="12.235" errors="0">
  <testcase name="runScenario" time="1.790" classname="testRunner.TestRunnerDDT"/>
  <system-out/>
  <testcase name="runScenario" time="3.764" classname="testRunner.TestRunnerDDT"/>
  <system-out/>
  <testcase name="runScenario" time="4.597" classname="testRunner.TestRunnerDDT"/>
  <system-out/>
  <testcase name="runScenario" time="2.084" classname="testRunner.TestRunnerDDT"/>
  <system-out/>
</testsuite> <!-- testRunner.TestRunnerDDT -->
