<?xml version="1.0" encoding="UTF-8"?>
<!-- Generated by org.testng.reporters.JUnitReportReporter -->
<testsuite skipped="0" hostname="HariDarshana" name="testRunner.TestRunnerDBNotWorking" tests="4" failures="0" timestamp="2023-03-25T10:19:51 CDT" time="30.330" errors="0">
  <testcase name="runScenario" time="5.252" classname="testRunner.TestRunnerDBNotWorking"/>
  <system-out/>
  <testcase name="runScenario" time="9.489" classname="testRunner.TestRunnerDBNotWorking"/>
  <system-out/>
  <testcase name="runScenario" time="9.315" classname="testRunner.TestRunnerDBNotWorking"/>
  <system-out/>
  <testcase name="runScenario" time="6.274" classname="testRunner.TestRunnerDBNotWorking"/>
  <system-out/>
</testsuite> <!-- testRunner.TestRunnerDBNotWorking -->
